<?xml version="1.0" encoding="UTF-8"?>
<!-- Generated by org.testng.reporters.JUnitReportReporter -->
<testsuite skipped="0" hostname="Sanjeev-India" name="zzzzz.OpenSites" tests="1" failures="0" timestamp="27 Jun 2018 11:48:33 GMT" time="5.742" errors="0">
  <testcase name="openURL" time="5.742" classname="zzzzz.OpenSites"/>
</testsuite> <!-- zzzzz.OpenSites -->
