<?xml version="1.0" encoding="UTF-8"?>
<!-- Generated by org.testng.reporters.JUnitReportReporter -->
<testsuite skipped="0" hostname="Sanjeev-India" name="page_factory.testcases.VerifyAJSLogin_PageFactory" tests="1" failures="0" timestamp="30 May 2018 09:37:54 GMT" time="15.478" errors="0">
  <testcase name="checkValidUser" time="15.478" classname="page_factory.testcases.VerifyAJSLogin_PageFactory"/>
</testsuite> <!-- page_factory.testcases.VerifyAJSLogin_PageFactory -->
