<?xml version="1.0" encoding="UTF-8"?>
<!-- Generated by org.testng.reporters.JUnitReportReporter -->
<testsuite name="com.retestfailedtestcases.TestCase3" tests="1" time="0.020" ignored="0" failures="0" timestamp="18 May 2018 12:14:34 GMT" skipped="0" hostname="Sanjeev-India" errors="0">
  <testcase name="testTJS" time="0.020" classname="com.retestfailedtestcases.TestCase3"/>
</testsuite> <!-- com.retestfailedtestcases.TestCase3 -->
