<?xml version="1.0" encoding="UTF-8"?>
<!-- Generated by org.testng.reporters.JUnitReportReporter -->
<testsuite skipped="0" hostname="Sanjeev-India" name="webtablehandling.DynamicWebTableHandle" tests="1" failures="0" timestamp="03 Jun 2018 09:06:48 GMT" time="53.792" errors="0">
  <testcase name="datePickerDynamically" time="53.792" classname="webtablehandling.DynamicWebTableHandle"/>
</testsuite> <!-- webtablehandling.DynamicWebTableHandle -->
