<?xml version="1.0" encoding="UTF-8"?>
<!-- Generated by org.testng.reporters.JUnitReportReporter -->
<testsuite name="page_factory.testcases.VerifyAJSLogin_PageFactory" tests="1" time="4.522" ignored="0" failures="0" timestamp="18 May 2018 10:38:23 GMT" skipped="0" hostname="Sanjeev-India" errors="1">
  <testcase name="checkValidUser" time="4.522" classname="page_factory.testcases.VerifyAJSLogin_PageFactory">
    <error type="org.openqa.selenium.NoSuchElementException" message="Unable to find element with css selector == #login_click
For documentation on this error, please visit: http://seleniumhq.org/exceptions/no_such_element.html
Build info: version: &#039;3.4.0&#039;, revision: &#039;unknown&#039;, time: &#039;unknown&#039;
System info: host: &#039;SANJEEV-INDIA&#039;, ip: &#039;172.16.22.173&#039;, os.name: &#039;Windows 10&#039;, os.arch: &#039;amd64&#039;, os.version: &#039;10.0&#039;, java.version: &#039;1.8.0_151&#039;
Driver info: org.openqa.selenium.ie.InternetExplorerDriver
Capabilities [{proxy=Proxy(), acceptInsecureCerts=false, browserVersion=11, se:ieOptions={nativeEvents=true, browserAttachTimeout=0.0, ie.ensureCleanSession=false, elementScrollBehavior=0.0, enablePersistentHover=true, ie.browserCommandLineSwitches=, ie.forceCreateProcessApi=false, requireWindowFocus=false, initialBrowserUrl=http://localhost:2043/, ignoreZoomSetting=false, ie.fileUploadDialogTimeout=3000.0, ignoreProtectedModeSettings=false}, timeouts={implicit=0.0, pageLoad=300000.0, script=30000.0}, browserName=internet explorer, pageLoadStrategy=normal, javascriptEnabled=true, platformName=windows, setWindowRect=true, platform=ANY}]
Session ID: 6b91aa8c-a6ca-4338-b6bf-d247ae04fd58
*** Element info: {Using=id, value=login_click}">
      <![CDATA[org.openqa.selenium.NoSuchElementException: Unable to find element with css selector == #login_click
For documentation on this error, please visit: http://seleniumhq.org/exceptions/no_such_element.html
Build info: version: '3.4.0', revision: 'unknown', time: 'unknown'
System info: host: 'SANJEEV-INDIA', ip: '172.16.22.173', os.name: 'Windows 10', os.arch: 'amd64', os.version: '10.0', java.version: '1.8.0_151'
Driver info: org.openqa.selenium.ie.InternetExplorerDriver
Capabilities [{proxy=Proxy(), acceptInsecureCerts=false, browserVersion=11, se:ieOptions={nativeEvents=true, browserAttachTimeout=0.0, ie.ensureCleanSession=false, elementScrollBehavior=0.0, enablePersistentHover=true, ie.browserCommandLineSwitches=, ie.forceCreateProcessApi=false, requireWindowFocus=false, initialBrowserUrl=http://localhost:2043/, ignoreZoomSetting=false, ie.fileUploadDialogTimeout=3000.0, ignoreProtectedModeSettings=false}, timeouts={implicit=0.0, pageLoad=300000.0, script=30000.0}, browserName=internet explorer, pageLoadStrategy=normal, javascriptEnabled=true, platformName=windows, setWindowRect=true, platform=ANY}]
Session ID: 6b91aa8c-a6ca-4338-b6bf-d247ae04fd58
*** Element info: {Using=id, value=login_click}
	at sun.reflect.NativeConstructorAccessorImpl.newInstance0(Native Method)
	at sun.reflect.NativeConstructorAccessorImpl.newInstance(Unknown Source)
	at sun.reflect.DelegatingConstructorAccessorImpl.newInstance(Unknown Source)
	at java.lang.reflect.Constructor.newInstance(Unknown Source)
	at org.openqa.selenium.remote.http.W3CHttpResponseCodec.createException(W3CHttpResponseCodec.java:150)
	at org.openqa.selenium.remote.http.W3CHttpResponseCodec.decode(W3CHttpResponseCodec.java:115)
	at org.openqa.selenium.remote.http.W3CHttpResponseCodec.decode(W3CHttpResponseCodec.java:45)
	at org.openqa.selenium.remote.HttpCommandExecutor.execute(HttpCommandExecutor.java:164)
	at org.openqa.selenium.remote.service.DriverCommandExecutor.execute(DriverCommandExecutor.java:82)
	at org.openqa.selenium.remote.RemoteWebDriver.execute(RemoteWebDriver.java:637)
	at org.openqa.selenium.remote.RemoteWebDriver.findElement(RemoteWebDriver.java:410)
	at org.openqa.selenium.remote.RemoteWebDriver.findElementById(RemoteWebDriver.java:453)
	at org.openqa.selenium.By$ById.findElement(By.java:218)
	at org.openqa.selenium.remote.RemoteWebDriver.findElement(RemoteWebDriver.java:402)
	at org.openqa.selenium.support.pagefactory.DefaultElementLocator.findElement(DefaultElementLocator.java:69)
	at org.openqa.selenium.support.pagefactory.internal.LocatingElementHandler.invoke(LocatingElementHandler.java:38)
	at com.sun.proxy.$Proxy6.click(Unknown Source)
	at page_factory.javapages.Login_Page_PageFactory.login_AJS_Pagefactory(Login_Page_PageFactory.java:44)
	at page_factory.testcases.VerifyAJSLogin_PageFactory.checkValidUser(VerifyAJSLogin_PageFactory.java:35)
	at sun.reflect.NativeMethodAccessorImpl.invoke0(Native Method)
	at sun.reflect.NativeMethodAccessorImpl.invoke(Unknown Source)
	at sun.reflect.DelegatingMethodAccessorImpl.invoke(Unknown Source)
	at java.lang.reflect.Method.invoke(Unknown Source)
	at org.testng.internal.MethodInvocationHelper.invokeMethod(MethodInvocationHelper.java:104)
	at org.testng.internal.Invoker.invokeMethod(Invoker.java:645)
	at org.testng.internal.Invoker.invokeTestMethod(Invoker.java:851)
	at org.testng.internal.Invoker.invokeTestMethods(Invoker.java:1177)
	at org.testng.internal.TestMethodWorker.invokeTestMethods(TestMethodWorker.java:129)
	at org.testng.internal.TestMethodWorker.run(TestMethodWorker.java:112)
	at org.testng.TestRunner.privateRun(TestRunner.java:756)
	at org.testng.TestRunner.run(TestRunner.java:610)
	at org.testng.SuiteRunner.runTest(SuiteRunner.java:387)
	at org.testng.SuiteRunner.runSequentially(SuiteRunner.java:382)
	at org.testng.SuiteRunner.privateRun(SuiteRunner.java:340)
	at org.testng.SuiteRunner.run(SuiteRunner.java:289)
	at org.testng.SuiteRunnerWorker.runSuite(SuiteRunnerWorker.java:52)
	at org.testng.SuiteRunnerWorker.run(SuiteRunnerWorker.java:86)
	at org.testng.TestNG.runSuitesSequentially(TestNG.java:1293)
	at org.testng.TestNG.runSuitesLocally(TestNG.java:1218)
	at org.testng.TestNG.runSuites(TestNG.java:1133)
	at org.testng.TestNG.run(TestNG.java:1104)
	at org.testng.remote.AbstractRemoteTestNG.run(AbstractRemoteTestNG.java:114)
	at org.testng.remote.RemoteTestNG.initAndRun(RemoteTestNG.java:251)
	at org.testng.remote.RemoteTestNG.main(RemoteTestNG.java:77)
]]>
    </error>
  </testcase> <!-- checkValidUser -->
</testsuite> <!-- page_factory.testcases.VerifyAJSLogin_PageFactory -->
