<?xml version="1.0" encoding="UTF-8"?>
<!-- Generated by org.testng.reporters.JUnitReportReporter -->
<testsuite skipped="0" hostname="Sanjeev-India" name="datbase_testing.ConnectMySQL" tests="1" failures="0" timestamp="12 Jun 2018 13:23:18 GMT" time="0.376" errors="0">
  <testcase name="testDB" time="0.376" classname="datbase_testing.ConnectMySQL"/>
</testsuite> <!-- datbase_testing.ConnectMySQL -->
